d:\协议下面\wechat\release\adler32.ipdb
d:\协议下面\wechat\release\adler32.iobj
d:\协议下面\wechat\adler32\release\adler32.pch
d:\协议下面\wechat\adler32\release\vc141.pdb
d:\协议下面\wechat\adler32\release\stdafx.obj
d:\协议下面\wechat\adler32\release\adler32.obj
d:\协议下面\wechat\adler32\release\zutil.obj
d:\协议下面\wechat\adler32\release\uncompr.obj
d:\协议下面\wechat\adler32\release\trees.obj
d:\协议下面\wechat\adler32\release\inftrees.obj
d:\协议下面\wechat\adler32\release\inflate.obj
d:\协议下面\wechat\adler32\release\inffast.obj
d:\协议下面\wechat\adler32\release\infback.obj
d:\协议下面\wechat\adler32\release\gzwrite.obj
d:\协议下面\wechat\adler32\release\gzread.obj
d:\协议下面\wechat\adler32\release\gzlib.obj
d:\协议下面\wechat\adler32\release\gzclose.obj
d:\协议下面\wechat\adler32\release\deflate.obj
d:\协议下面\wechat\adler32\release\crc32.obj
d:\协议下面\wechat\adler32\release\compress.obj
d:\协议下面\wechat\adler32\release\dllmain.obj
d:\协议下面\wechat\release\adler32.dll
d:\协议下面\wechat\release\adler32.pdb
d:\协议下面\wechat\adler32\release\adler32.tlog\adler32.write.1u.tlog
d:\协议下面\wechat\adler32\release\adler32.tlog\cl.command.1.tlog
d:\协议下面\wechat\adler32\release\adler32.tlog\cl.read.1.tlog
d:\协议下面\wechat\adler32\release\adler32.tlog\cl.write.1.tlog
d:\协议下面\wechat\adler32\release\adler32.tlog\link.command.1.tlog
d:\协议下面\wechat\adler32\release\adler32.tlog\link.read.1.tlog
d:\协议下面\wechat\adler32\release\adler32.tlog\link.write.1.tlog
