d:\协议下面\wechat\wechatsdk\debug\vc141.pdb
d:\协议下面\wechat\wechatsdk\debug\vc141.idb
d:\协议下面\wechat\wechatsdk\debug\generated_message_table_driven.obj
d:\协议下面\wechat\wechatsdk\debug\generated_message_reflection.obj
d:\协议下面\wechat\wechatsdk\debug\field_mask.pb.obj
d:\协议下面\wechat\wechatsdk\debug\extension_set_heavy.obj
d:\协议下面\wechat\wechatsdk\debug\extension_set.obj
d:\协议下面\wechat\wechatsdk\debug\empty.pb.obj
d:\协议下面\wechat\wechatsdk\debug\dynamic_message.obj
d:\协议下面\wechat\wechatsdk\debug\duration.pb.obj
d:\协议下面\wechat\wechatsdk\debug\descriptor_database.obj
d:\协议下面\wechat\wechatsdk\debug\descriptor.pb.obj
d:\协议下面\wechat\wechatsdk\debug\arenastring.obj
d:\协议下面\wechat\wechatsdk\debug\arena.obj
d:\协议下面\wechat\wechatsdk\debug\api.pb.obj
d:\协议下面\wechat\wechatsdk\debug\any.pb.obj
d:\协议下面\wechat\wechatsdk\debug\any.obj
d:\协议下面\wechat\wechatsdk\debug\dllmain.obj
d:\协议下面\wechat\wechatsdk\debug\mmcryptinterface.obj
d:\协议下面\wechat\wechatsdk\debug\makeheader.obj
d:\协议下面\wechat\wechatsdk\debug\fun.obj
d:\协议下面\wechat\wechatsdk\debug\bytestream.obj
d:\协议下面\wechat\wechatsdk\debug\atomicops_internals_x86_msvc.obj
d:\协议下面\wechat\wechatsdk\debug\atomicops_internals_x86_gcc.obj
d:\协议下面\wechat\wechatsdk\debug\struct.pb.obj
d:\协议下面\wechat\wechatsdk\debug\source_context.pb.obj
d:\协议下面\wechat\wechatsdk\debug\service.obj
d:\协议下面\wechat\wechatsdk\debug\repeated_field.obj
d:\协议下面\wechat\wechatsdk\debug\reflection_ops.obj
d:\协议下面\wechat\wechatsdk\debug\message_lite.obj
d:\协议下面\wechat\wechatsdk\debug\message.obj
d:\协议下面\wechat\wechatsdk\debug\map_field.obj
d:\协议下面\wechat\wechatsdk\debug\zero_copy_stream_impl_lite.obj
d:\协议下面\wechat\wechatsdk\debug\zero_copy_stream_impl.obj
d:\协议下面\wechat\wechatsdk\debug\zero_copy_stream.obj
d:\协议下面\wechat\wechatsdk\debug\tokenizer.obj
d:\协议下面\wechat\wechatsdk\debug\strtod.obj
d:\协议下面\wechat\wechatsdk\debug\printer.obj
d:\协议下面\wechat\wechatsdk\debug\gzip_stream.obj
d:\协议下面\wechat\wechatsdk\debug\coded_stream.obj
d:\协议下面\wechat\wechatsdk\debug\generated_message_util.obj
d:\协议下面\wechat\wechatsdk\debug\datapiece.obj
d:\协议下面\wechat\wechatsdk\debug\field_mask_util.obj
d:\协议下面\wechat\wechatsdk\debug\field_comparator.obj
d:\协议下面\wechat\wechatsdk\debug\delimited_message_util.obj
d:\协议下面\wechat\wechatsdk\debug\unknown_field_set.obj
d:\协议下面\wechat\wechatsdk\debug\type.pb.obj
d:\协议下面\wechat\wechatsdk\debug\timestamp.pb.obj
d:\协议下面\wechat\wechatsdk\debug\text_format.obj
d:\协议下面\wechat\wechatsdk\debug\time.obj
d:\协议下面\wechat\wechatsdk\debug\substitute.obj
d:\协议下面\wechat\wechatsdk\debug\strutil.obj
d:\协议下面\wechat\wechatsdk\debug\structurally_valid.obj
d:\协议下面\wechat\wechatsdk\debug\stringprintf.obj
d:\协议下面\wechat\wechatsdk\debug\stringpiece.obj
d:\协议下面\wechat\wechatsdk\debug\statusor.obj
d:\协议下面\wechat\wechatsdk\debug\status.obj
d:\协议下面\wechat\wechatsdk\debug\once.obj
d:\协议下面\wechat\wechatsdk\debug\mathlimits.obj
d:\协议下面\wechat\wechatsdk\debug\int128.obj
d:\协议下面\wechat\wechatsdk\debug\common.obj
d:\协议下面\wechat\wechatsdk\debug\pbjson.obj
d:\协议下面\wechat\wechatsdk\debug\wrappers.pb.obj
d:\协议下面\wechat\wechatsdk\debug\wire_format_lite.obj
d:\协议下面\wechat\wechatsdk\debug\wire_format.obj
d:\协议下面\wechat\wechatsdk\debug\type_resolver_util.obj
d:\协议下面\wechat\wechatsdk\debug\time_util.obj
d:\协议下面\wechat\wechatsdk\debug\message_differencer.obj
d:\协议下面\wechat\wechatsdk\debug\json_util.obj
d:\协议下面\wechat\wechatsdk\debug\utility.obj
d:\协议下面\wechat\wechatsdk\debug\type_info.obj
d:\协议下面\wechat\wechatsdk\debug\proto_writer.obj
d:\协议下面\wechat\wechatsdk\debug\protostream_objectwriter.obj
d:\协议下面\wechat\wechatsdk\debug\protostream_objectsource.obj
d:\协议下面\wechat\wechatsdk\debug\object_writer.obj
d:\协议下面\wechat\wechatsdk\debug\json_stream_parser.obj
d:\协议下面\wechat\wechatsdk\debug\json_objectwriter.obj
d:\协议下面\wechat\wechatsdk\debug\json_escaping.obj
d:\协议下面\wechat\wechatsdk\debug\field_mask_utility.obj
d:\协议下面\wechat\wechatsdk\debug\error_listener.obj
d:\协议下面\wechat\wechatsdk\debug\default_value_objectwriter.obj
d:\协议下面\wechat\wechatsdk\debug\mmpay.pb.obj
d:\协议下面\wechat\wechatsdk\debug\mmopenapi.pb.obj
d:\协议下面\wechat\wechatsdk\debug\mmlogin.pb.obj
d:\协议下面\wechat\wechatsdk\debug\mmlbs.pb.obj
d:\协议下面\wechat\wechatsdk\debug\mmimg.pb.obj
d:\协议下面\wechat\wechatsdk\debug\mmgame.pb.obj
d:\协议下面\wechat\wechatsdk\debug\mmfav.pb.obj
d:\协议下面\wechat\wechatsdk\debug\mmextsend.pb.obj
d:\协议下面\wechat\wechatsdk\debug\mmemotionstore.pb.obj
d:\协议下面\wechat\wechatsdk\debug\mmemotion.pb.obj
d:\协议下面\wechat\wechatsdk\debug\mmcontact.pb.obj
d:\协议下面\wechat\wechatsdk\debug\mmcard.pb.obj
d:\协议下面\wechat\wechatsdk\debug\mmbuiltintype.pb.obj
d:\协议下面\wechat\wechatsdk\debug\mmbottle.pb.obj
d:\协议下面\wechat\wechatsdk\debug\mmbase.pb.obj
d:\协议下面\wechat\wechatsdk\debug\mmbackup.pb.obj
d:\协议下面\wechat\wechatsdk\debug\mmappmsg.pb.obj
d:\协议下面\wechat\wechatsdk\debug\blockdumplist.pb.obj
d:\协议下面\wechat\wechatsdk\debug\interface.obj
d:\协议下面\wechat\wechatsdk\debug\wechatproto.obj
d:\协议下面\wechat\wechatsdk\debug\wxuser.obj
d:\协议下面\wechat\wechatsdk\debug\wechatsdk.obj
d:\协议下面\wechat\wechatsdk\debug\tt.obj
d:\协议下面\wechat\wechatsdk\debug\newsync.pb.obj
d:\协议下面\wechat\wechatsdk\debug\newinit.pb.obj
d:\协议下面\wechat\wechatsdk\debug\mmweb.pb.obj
d:\协议下面\wechat\wechatsdk\debug\mmvoiphw.pb.obj
d:\协议下面\wechat\wechatsdk\debug\mmvoip.pb.obj
d:\协议下面\wechat\wechatsdk\debug\mmvoiceprint.pb.obj
d:\协议下面\wechat\wechatsdk\debug\mmvoiceaddr.pb.obj
d:\协议下面\wechat\wechatsdk\debug\mmtrack.pb.obj
d:\协议下面\wechat\wechatsdk\debug\mmtalk.pb.obj
d:\协议下面\wechat\wechatsdk\debug\mmsync.pb.obj
d:\协议下面\wechat\wechatsdk\debug\mmsns.pb.obj
d:\协议下面\wechat\wechatsdk\debug\mmremind.pb.obj
d:\协议下面\wechat\wechatsdk\debug\mmprimsend.pb.obj
d:\协议下面\wechat\wechatsdk\debug\descriptor.obj
d:\协议下面\wechat\wechatsdk\debug\wechatsdk.pch
d:\协议下面\wechat\wechatsdk\debug\stdafx.obj
d:\协议下面\wechat\wechatsdk\debug\vc140.pdb
d:\协议下面\wechat\wechatsdk\debug\vc140.idb
d:\协议下面\wechat\wechatsdk\debug\weixin.obj
d:\协议下面\wechat\wechatsdk\debug\adler32.obj
d:\协议下面\wechat\wechatsdk\debug\mm.pb.obj
d:\协议下面\wechat\debug\wechatsdk.dll
d:\协议下面\wechat\debug\wechatsdk.ilk
d:\协议下面\wechat\debug\wechatsdk.pdb
d:\协议下面\wechat\debug\wechatsdk.lib
d:\协议下面\wechat\debug\wechatsdk.exp
d:\协议下面\wechat\wechatsdk\debug\tt.obj.enc
d:\协议下面\wechat\wechatsdk\debug\wechatsdk.tlog\cl.command.1.tlog
d:\协议下面\wechat\wechatsdk\debug\wechatsdk.tlog\cl.read.1.tlog
d:\协议下面\wechat\wechatsdk\debug\wechatsdk.tlog\cl.write.1.tlog
d:\协议下面\wechat\wechatsdk\debug\wechatsdk.tlog\link.21008.delete.1.tlog
d:\协议下面\wechat\wechatsdk\debug\wechatsdk.tlog\link.22824.delete.1.tlog
d:\协议下面\wechat\wechatsdk\debug\wechatsdk.tlog\link.36700.delete.1.tlog
d:\协议下面\wechat\wechatsdk\debug\wechatsdk.tlog\link.38468.delete.1.tlog
d:\协议下面\wechat\wechatsdk\debug\wechatsdk.tlog\link.command.1.tlog
d:\协议下面\wechat\wechatsdk\debug\wechatsdk.tlog\link.delete.1.tlog
d:\协议下面\wechat\wechatsdk\debug\wechatsdk.tlog\link.read.1.tlog
d:\协议下面\wechat\wechatsdk\debug\wechatsdk.tlog\link.write.1.tlog
d:\协议下面\wechat\wechatsdk\debug\wechatsdk.tlog\wechatsdk.write.1u.tlog
