i:\qq\973212\filerecv\mobilefile\demo2018\microchat\mars\boost\debug\boost.pdb
i:\qq\973212\filerecv\mobilefile\demo2018\microchat\mars\boost\debug\boost.idb
i:\qq\973212\filerecv\mobilefile\demo2018\microchat\mars\boost\debug\greg_weekday.obj
i:\qq\973212\filerecv\mobilefile\demo2018\microchat\mars\boost\debug\posix_time_types.obj
i:\qq\973212\filerecv\mobilefile\demo2018\microchat\mars\boost\debug\clone_current_exception_non_intrusive.obj
i:\qq\973212\filerecv\mobilefile\demo2018\microchat\mars\boost\debug\codecvt_error_category.obj
i:\qq\973212\filerecv\mobilefile\demo2018\microchat\mars\boost\debug\operations.obj
i:\qq\973212\filerecv\mobilefile\demo2018\microchat\mars\boost\debug\path.obj
i:\qq\973212\filerecv\mobilefile\demo2018\microchat\mars\boost\debug\path_traits.obj
i:\qq\973212\filerecv\mobilefile\demo2018\microchat\mars\boost\debug\portability.obj
i:\qq\973212\filerecv\mobilefile\demo2018\microchat\mars\boost\debug\unique_path.obj
i:\qq\973212\filerecv\mobilefile\demo2018\microchat\mars\boost\debug\utf8_codecvt_facet.obj
i:\qq\973212\filerecv\mobilefile\demo2018\microchat\mars\boost\debug\windows_file_codecvt.obj
i:\qq\973212\filerecv\mobilefile\demo2018\microchat\mars\boost\debug\file_descriptor.obj
i:\qq\973212\filerecv\mobilefile\demo2018\microchat\mars\boost\debug\mapped_file.obj
i:\qq\973212\filerecv\mobilefile\demo2018\microchat\mars\boost\debug\sp_collector.obj
i:\qq\973212\filerecv\mobilefile\demo2018\microchat\mars\boost\debug\sp_debug_hooks.obj
i:\qq\973212\filerecv\mobilefile\demo2018\microchat\mars\boost\debug\error_code.obj
i:\qq\973212\filerecv\mobilefile\demo2018\microchat\mars\boost\debug\future.obj
i:\qq\973212\filerecv\mobilefile\demo2018\microchat\mars\boost\debug\thread.obj
i:\qq\973212\filerecv\mobilefile\demo2018\microchat\mars\boost\debug\tss_dll.obj
i:\qq\973212\filerecv\mobilefile\demo2018\microchat\mars\boost\debug\tss_pe.obj
i:\qq\973212\filerecv\mobilefile\demo2018\microchat\mars\boost\debug\lockpool.obj
i:\qq\973212\filerecv\mobilefile\demo2018\microchat\mars\boost\debug\date_generators.obj
i:\qq\973212\filerecv\mobilefile\demo2018\microchat\mars\boost\debug\gregorian_types.obj
i:\qq\973212\filerecv\mobilefile\demo2018\microchat\mars\boost\debug\greg_month.obj
i:\qq\973212\filerecv\mobilefile\demo2018\microchat\debug\lib\boost.lib
i:\qq\973212\filerecv\mobilefile\demo2018\microchat\debug\lib\boost.pdb
i:\qq\973212\filerecv\mobilefile\demo2018\microchat\mars\boost\debug\boost.tlog\cl.command.1.tlog
i:\qq\973212\filerecv\mobilefile\demo2018\microchat\mars\boost\debug\boost.tlog\cl.read.1.tlog
i:\qq\973212\filerecv\mobilefile\demo2018\microchat\mars\boost\debug\boost.tlog\cl.write.1.tlog
i:\qq\973212\filerecv\mobilefile\demo2018\microchat\mars\boost\debug\boost.tlog\lib-link.write.1.tlog
i:\qq\973212\filerecv\mobilefile\demo2018\microchat\mars\boost\debug\boost.tlog\lib.command.1.tlog
i:\qq\973212\filerecv\mobilefile\demo2018\microchat\mars\boost\debug\boost.tlog\lib.read.1.tlog
